<?xml version="1.0" ?>
<!DOCTYPE coverage SYSTEM "http://cobertura.sourceforge.net/xml/coverage-04.dtd">
<coverage lines-valid="20"  lines-covered="8"  line-rate="0.4"  branches-valid="6"  branches-covered="0"  branch-rate="0"  timestamp="1509043880072" complexity="0" version="0.1">
<sources>
	<source>C:\HG\SampleJean</source>
</sources>
<packages>
	<package name="...src.resources"  line-rate="1"  branch-rate="1" >
	<classes>
		<class name="index.ts"  filename="..\src\resources\index.ts"  line-rate="1"  branch-rate="1" >
		<methods>
			<method name="configure"  hits="0"  signature="()V" >
				<lines><line number="3"  hits="0" /></lines>
			</method>
		</methods>
		<lines>
			<line number="3"  hits="1"  branch="false" />
		</lines>
		</class>
	</classes>
	</package>
	<package name="...src"  line-rate="0.36840000000000006"  branch-rate="0" >
	<classes>
		<class name="app.ts"  filename="..\src\app.ts"  line-rate="0.5455"  branch-rate="0" >
		<methods>
			<method name="(anonymous_2)"  hits="1"  signature="()V" >
				<lines><line number="4"  hits="1" /></lines>
			</method>
			<method name="App"  hits="4"  signature="()V" >
				<lines><line number="7"  hits="4" /></lines>
			</method>
			<method name="(anonymous_4)"  hits="0"  signature="()V" >
				<lines><line number="11"  hits="0" /></lines>
			</method>
		</methods>
		<lines>
			<line number="4"  hits="1"  branch="false" />
			<line number="5"  hits="4"  branch="false" />
			<line number="7"  hits="1"  branch="false" />
			<line number="8"  hits="4"  branch="false" />
			<line number="11"  hits="1"  branch="false" />
			<line number="12"  hits="0"  branch="false" />
			<line number="13"  hits="0"  branch="true"  condition-coverage="0% (0/2)" />
			<line number="14"  hits="0"  branch="false" />
			<line number="17"  hits="0"  branch="false" />
			<line number="19"  hits="0"  branch="false" />
			<line number="21"  hits="1"  branch="false" />
		</lines>
		</class>
		<class name="environment.ts"  filename="..\src\environment.ts"  line-rate="0"  branch-rate="1" >
		<methods>
		</methods>
		<lines>
			<line number="1"  hits="0"  branch="false" />
		</lines>
		</class>
		<class name="main.ts"  filename="..\src\main.ts"  line-rate="0.1429"  branch-rate="0" >
		<methods>
			<method name="configure"  hits="0"  signature="()V" >
				<lines><line number="7"  hits="0" /></lines>
			</method>
			<method name="(anonymous_8)"  hits="0"  signature="()V" >
				<lines><line number="21"  hits="0" /></lines>
			</method>
		</methods>
		<lines>
			<line number="7"  hits="1"  branch="false" />
			<line number="8"  hits="0"  branch="false" />
			<line number="13"  hits="0"  branch="true"  condition-coverage="0% (0/2)" />
			<line number="14"  hits="0"  branch="false" />
			<line number="17"  hits="0"  branch="true"  condition-coverage="0% (0/2)" />
			<line number="18"  hits="0"  branch="false" />
			<line number="21"  hits="0"  branch="false" />
		</lines>
		</class>
	</classes>
	</package>
</packages>
</coverage>
